DEPEND timemaster.c
DEPEND sysoff.c
DEPEND pmc_common.c
DEPEND pmc.c
DEPEND phc_ctl.c
DEPEND phc2sys.c
DEPEND nsm.c
DEPEND hwstamp_ctl.c
DEPEND version.c
DEPEND util.c
DEPEND unicast_service.c
DEPEND unicast_fsm.c
DEPEND unicast_client.c
DEPEND uds.c
DEPEND udp6.c
DEPEND udp.c
DEPEND tsproc.c
DEPEND transport.c
DEPEND tlv.c
DEPEND telecom.c
DEPEND tc.c
DEPEND stats.c
DEPEND sk.c
DEPEND servo.c
DEPEND rtnl.c
DEPEND raw.c
DEPEND p2p_tc.c
DEPEND ptp4l.c
DEPEND print.c
DEPEND pqueue.c
DEPEND port_signaling.c
DEPEND port.c
DEPEND pi.c
DEPEND phc.c
DEPEND nullf.c
DEPEND ntpshm.c
DEPEND msg.c
DEPEND mmedian.c
DEPEND mave.c
DEPEND linreg.c
DEPEND hash.c
DEPEND fsm.c
DEPEND filter.c
DEPEND fault.c
DEPEND e2e_tc.c
DEPEND config.c
DEPEND clockcheck.c
DEPEND clockadj.c
DEPEND clock.c
DEPEND bmc.c
gcc -Wall -DVER=2.0  -D_GNU_SOURCE -DHAVE_CLOCK_ADJTIME -DHAVE_POSIX_SPAWN -DHAVE_ONESTEP_SYNC     -c -o ptp4l.o ptp4l.c
gcc -Wall -DVER=2.0  -D_GNU_SOURCE -DHAVE_CLOCK_ADJTIME -DHAVE_POSIX_SPAWN -DHAVE_ONESTEP_SYNC     -c -o bmc.o bmc.c
gcc -Wall -DVER=2.0  -D_GNU_SOURCE -DHAVE_CLOCK_ADJTIME -DHAVE_POSIX_SPAWN -DHAVE_ONESTEP_SYNC     -c -o clock.o clock.c
gcc -Wall -DVER=2.0  -D_GNU_SOURCE -DHAVE_CLOCK_ADJTIME -DHAVE_POSIX_SPAWN -DHAVE_ONESTEP_SYNC     -c -o clockadj.o clockadj.c
gcc -Wall -DVER=2.0  -D_GNU_SOURCE -DHAVE_CLOCK_ADJTIME -DHAVE_POSIX_SPAWN -DHAVE_ONESTEP_SYNC     -c -o clockcheck.o clockcheck.c
gcc -Wall -DVER=2.0  -D_GNU_SOURCE -DHAVE_CLOCK_ADJTIME -DHAVE_POSIX_SPAWN -DHAVE_ONESTEP_SYNC     -c -o config.o config.c
gcc -Wall -DVER=2.0  -D_GNU_SOURCE -DHAVE_CLOCK_ADJTIME -DHAVE_POSIX_SPAWN -DHAVE_ONESTEP_SYNC     -c -o e2e_tc.o e2e_tc.c
gcc -Wall -DVER=2.0  -D_GNU_SOURCE -DHAVE_CLOCK_ADJTIME -DHAVE_POSIX_SPAWN -DHAVE_ONESTEP_SYNC     -c -o fault.o fault.c
gcc -Wall -DVER=2.0  -D_GNU_SOURCE -DHAVE_CLOCK_ADJTIME -DHAVE_POSIX_SPAWN -DHAVE_ONESTEP_SYNC     -c -o filter.o filter.c
gcc -Wall -DVER=2.0  -D_GNU_SOURCE -DHAVE_CLOCK_ADJTIME -DHAVE_POSIX_SPAWN -DHAVE_ONESTEP_SYNC     -c -o fsm.o fsm.c
gcc -Wall -DVER=2.0  -D_GNU_SOURCE -DHAVE_CLOCK_ADJTIME -DHAVE_POSIX_SPAWN -DHAVE_ONESTEP_SYNC     -c -o hash.o hash.c
gcc -Wall -DVER=2.0  -D_GNU_SOURCE -DHAVE_CLOCK_ADJTIME -DHAVE_POSIX_SPAWN -DHAVE_ONESTEP_SYNC     -c -o linreg.o linreg.c
gcc -Wall -DVER=2.0  -D_GNU_SOURCE -DHAVE_CLOCK_ADJTIME -DHAVE_POSIX_SPAWN -DHAVE_ONESTEP_SYNC     -c -o mave.o mave.c
gcc -Wall -DVER=2.0  -D_GNU_SOURCE -DHAVE_CLOCK_ADJTIME -DHAVE_POSIX_SPAWN -DHAVE_ONESTEP_SYNC     -c -o mmedian.o mmedian.c
gcc -Wall -DVER=2.0  -D_GNU_SOURCE -DHAVE_CLOCK_ADJTIME -DHAVE_POSIX_SPAWN -DHAVE_ONESTEP_SYNC     -c -o msg.o msg.c
gcc -Wall -DVER=2.0  -D_GNU_SOURCE -DHAVE_CLOCK_ADJTIME -DHAVE_POSIX_SPAWN -DHAVE_ONESTEP_SYNC     -c -o ntpshm.o ntpshm.c
gcc -Wall -DVER=2.0  -D_GNU_SOURCE -DHAVE_CLOCK_ADJTIME -DHAVE_POSIX_SPAWN -DHAVE_ONESTEP_SYNC     -c -o nullf.o nullf.c
gcc -Wall -DVER=2.0  -D_GNU_SOURCE -DHAVE_CLOCK_ADJTIME -DHAVE_POSIX_SPAWN -DHAVE_ONESTEP_SYNC     -c -o phc.o phc.c
gcc -Wall -DVER=2.0  -D_GNU_SOURCE -DHAVE_CLOCK_ADJTIME -DHAVE_POSIX_SPAWN -DHAVE_ONESTEP_SYNC     -c -o pi.o pi.c
gcc -Wall -DVER=2.0  -D_GNU_SOURCE -DHAVE_CLOCK_ADJTIME -DHAVE_POSIX_SPAWN -DHAVE_ONESTEP_SYNC     -c -o port.o port.c
gcc -Wall -DVER=2.0  -D_GNU_SOURCE -DHAVE_CLOCK_ADJTIME -DHAVE_POSIX_SPAWN -DHAVE_ONESTEP_SYNC     -c -o port_signaling.o port_signaling.c
gcc -Wall -DVER=2.0  -D_GNU_SOURCE -DHAVE_CLOCK_ADJTIME -DHAVE_POSIX_SPAWN -DHAVE_ONESTEP_SYNC     -c -o pqueue.o pqueue.c
gcc -Wall -DVER=2.0  -D_GNU_SOURCE -DHAVE_CLOCK_ADJTIME -DHAVE_POSIX_SPAWN -DHAVE_ONESTEP_SYNC     -c -o print.o print.c
gcc -Wall -DVER=2.0  -D_GNU_SOURCE -DHAVE_CLOCK_ADJTIME -DHAVE_POSIX_SPAWN -DHAVE_ONESTEP_SYNC     -c -o p2p_tc.o p2p_tc.c
gcc -Wall -DVER=2.0  -D_GNU_SOURCE -DHAVE_CLOCK_ADJTIME -DHAVE_POSIX_SPAWN -DHAVE_ONESTEP_SYNC     -c -o raw.o raw.c
gcc -Wall -DVER=2.0  -D_GNU_SOURCE -DHAVE_CLOCK_ADJTIME -DHAVE_POSIX_SPAWN -DHAVE_ONESTEP_SYNC     -c -o rtnl.o rtnl.c
gcc -Wall -DVER=2.0  -D_GNU_SOURCE -DHAVE_CLOCK_ADJTIME -DHAVE_POSIX_SPAWN -DHAVE_ONESTEP_SYNC     -c -o servo.o servo.c
gcc -Wall -DVER=2.0  -D_GNU_SOURCE -DHAVE_CLOCK_ADJTIME -DHAVE_POSIX_SPAWN -DHAVE_ONESTEP_SYNC     -c -o sk.o sk.c
gcc -Wall -DVER=2.0  -D_GNU_SOURCE -DHAVE_CLOCK_ADJTIME -DHAVE_POSIX_SPAWN -DHAVE_ONESTEP_SYNC     -c -o stats.o stats.c
gcc -Wall -DVER=2.0  -D_GNU_SOURCE -DHAVE_CLOCK_ADJTIME -DHAVE_POSIX_SPAWN -DHAVE_ONESTEP_SYNC     -c -o tc.o tc.c
gcc -Wall -DVER=2.0  -D_GNU_SOURCE -DHAVE_CLOCK_ADJTIME -DHAVE_POSIX_SPAWN -DHAVE_ONESTEP_SYNC     -c -o telecom.o telecom.c
gcc -Wall -DVER=2.0  -D_GNU_SOURCE -DHAVE_CLOCK_ADJTIME -DHAVE_POSIX_SPAWN -DHAVE_ONESTEP_SYNC     -c -o tlv.o tlv.c
gcc -Wall -DVER=2.0  -D_GNU_SOURCE -DHAVE_CLOCK_ADJTIME -DHAVE_POSIX_SPAWN -DHAVE_ONESTEP_SYNC     -c -o transport.o transport.c
gcc -Wall -DVER=2.0  -D_GNU_SOURCE -DHAVE_CLOCK_ADJTIME -DHAVE_POSIX_SPAWN -DHAVE_ONESTEP_SYNC     -c -o tsproc.o tsproc.c
gcc -Wall -DVER=2.0  -D_GNU_SOURCE -DHAVE_CLOCK_ADJTIME -DHAVE_POSIX_SPAWN -DHAVE_ONESTEP_SYNC     -c -o udp.o udp.c
gcc -Wall -DVER=2.0  -D_GNU_SOURCE -DHAVE_CLOCK_ADJTIME -DHAVE_POSIX_SPAWN -DHAVE_ONESTEP_SYNC     -c -o udp6.o udp6.c
gcc -Wall -DVER=2.0  -D_GNU_SOURCE -DHAVE_CLOCK_ADJTIME -DHAVE_POSIX_SPAWN -DHAVE_ONESTEP_SYNC     -c -o uds.o uds.c
gcc -Wall -DVER=2.0  -D_GNU_SOURCE -DHAVE_CLOCK_ADJTIME -DHAVE_POSIX_SPAWN -DHAVE_ONESTEP_SYNC     -c -o unicast_client.o unicast_client.c
gcc -Wall -DVER=2.0  -D_GNU_SOURCE -DHAVE_CLOCK_ADJTIME -DHAVE_POSIX_SPAWN -DHAVE_ONESTEP_SYNC     -c -o unicast_fsm.o unicast_fsm.c
gcc -Wall -DVER=2.0  -D_GNU_SOURCE -DHAVE_CLOCK_ADJTIME -DHAVE_POSIX_SPAWN -DHAVE_ONESTEP_SYNC     -c -o unicast_service.o unicast_service.c
gcc -Wall -DVER=2.0  -D_GNU_SOURCE -DHAVE_CLOCK_ADJTIME -DHAVE_POSIX_SPAWN -DHAVE_ONESTEP_SYNC     -c -o util.o util.c
gcc -Wall -DVER=2.0  -D_GNU_SOURCE -DHAVE_CLOCK_ADJTIME -DHAVE_POSIX_SPAWN -DHAVE_ONESTEP_SYNC     -c -o version.o version.c
gcc   ptp4l.o bmc.o clock.o clockadj.o clockche./ck.o config.o e2e_tc.o fault.o filter.o fsm.o hash.o linreg.o mave.o mmedian.o msg.o ntpshm.o nullf.o phc.o pi.o port.o port_signaling.o pqueue.o print.o p2p_tc.o raw.o rtnl.o servo.o sk.o stats.o tc.o telecom.o tlv.o transport.o tsproc.o udp.o udp6.o uds.o unicast_client.o unicast_fsm.o unicast_service.o util.o version.o  -lm -lrt  -o ptp4l
gcc -Wall -DVER=2.0  -D_GNU_SOURCE -DHAVE_CLOCK_ADJTIME -DHAVE_POSIX_SPAWN -DHAVE_ONESTEP_SYNC     -c -o hwstamp_ctl.o hwstamp_ctl.c
gcc   hwstamp_ctl.o version.o  -lm -lrt  -o hwstamp_ctl
gcc -Wall -DVER=2.0  -D_GNU_SOURCE -DHAVE_CLOCK_ADJTIME -DHAVE_POSIX_SPAWN -DHAVE_ONESTEP_SYNC     -c -o nsm.o nsm.c
gcc   nsm.o config.o filter.o hash.o mave.o mmedian.o msg.o print.o raw.o rtnl.o sk.o transport.o tlv.o tsproc.o udp.o udp6.o uds.o util.o version.o  -lm -lrt  -o nsm
gcc -Wall -DVER=2.0  -D_GNU_SOURCE -DHAVE_CLOCK_ADJTIME -DHAVE_POSIX_SPAWN -DHAVE_ONESTEP_SYNC     -c -o phc2sys.o phc2sys.c
gcc -Wall -DVER=2.0  -D_GNU_SOURCE -DHAVE_CLOCK_ADJTIME -DHAVE_POSIX_SPAWN -DHAVE_ONESTEP_SYNC     -c -o pmc_common.o pmc_common.c
gcc -Wall -DVER=2.0  -D_GNU_SOURCE -DHAVE_CLOCK_ADJTIME -DHAVE_POSIX_SPAWN -DHAVE_ONESTEP_SYNC     -c -o sysoff.o sysoff.c
gcc   phc2sys.o clockadj.o clockcheck.o config.o hash.o linreg.o msg.o ntpshm.o nullf.o phc.o pi.o pmc_common.o print.o raw.o servo.o sk.o stats.o sysoff.o tlv.o transport.o udp.o udp6.o uds.o util.o version.o  -lm -lrt  -o phc2sys
gcc -Wall -DVER=2.0  -D_GNU_SOURCE -DHAVE_CLOCK_ADJTIME -DHAVE_POSIX_SPAWN -DHAVE_ONESTEP_SYNC     -c -o phc_ctl.o phc_ctl.c
gcc   phc_ctl.o phc.o sk.o util.o clockadj.o sysoff.o print.o version.o  -lm -lrt  -o phc_ctl
gcc -Wall -DVER=2.0  -D_GNU_SOURCE -DHAVE_CLOCK_ADJTIME -DHAVE_POSIX_SPAWN -DHAVE_ONESTEP_SYNC     -c -o pmc.o pmc.c
gcc   pmc.o config.o hash.o msg.o pmc_common.o print.o raw.o sk.o tlv.o transport.o udp.o udp6.o uds.o util.o version.o  -lm -lrt  -o pmc
gcc -Wall -DVER=2.0  -D_GNU_SOURCE -DHAVE_CLOCK_ADJTIME -DHAVE_POSIX_SPAWN -DHAVE_ONESTEP_SYNC     -c -o timemaster.o timemaster.c
gcc   timemaster.o print.o rtnl.o sk.o util.o version.o  -lm -lrt  -o timemaster
